<?xml version="1.0" encoding="UTF-8"?>
<!-- Generated by org.testng.reporters.JUnitReportReporter -->
<testsuite hostname="ASHJAGAD-IN" name="com.api.apitester.Demo" tests="1" failures="0" timestamp="19 Sep 2019 07:19:32 GMT" time="3.990" errors="0">
  <testcase name="createApi" time="3.990" classname="com.api.apitester.Demo"/>
</testsuite> <!-- com.api.apitester.Demo -->
