<?xml version="1.0" encoding="UTF-8"?>
<!-- Generated by org.testng.reporters.JUnitReportReporter -->
<testsuite hostname="ASHJAGAD-IN" name="com.api.apitester.RestAPIRun" tests="2" failures="0" timestamp="25 Sep 2019 11:25:52 GMT" time="74.802" errors="0">
  <testcase name="createApi" time="57.069" classname="com.api.apitester.RestAPIRun"/>
  <testcase name="testPosts" time="17.733" classname="com.api.apitester.RestAPIRun"/>
</testsuite> <!-- com.api.apitester.RestAPIRun -->
