<?xml version="1.0" encoding="UTF-8"?>
<!-- Generated by org.testng.reporters.JUnitReportReporter -->
<testsuite hostname="ASHJAGAD-IN" name="com.accenture.apitester.RestAPIRun" tests="1" failures="0" timestamp="2 Aug 2019 17:50:19 GMT" time="47.283" errors="0">
  <testcase name="testPosts" time="47.283" classname="com.accenture.apitester.RestAPIRun"/>
</testsuite> <!-- com.accenture.apitester.RestAPIRun -->
