<?xml version="1.0" encoding="UTF-8"?>
<!-- Generated by org.testng.reporters.JUnitReportReporter -->
<testsuite hostname="ASHJAGAD-IN" name="com.api.apitester.CreateAPI" tests="1" failures="0" timestamp="24 Sep 2019 06:29:33 GMT" time="56.802" errors="0">
  <testcase name="createApi" time="56.802" classname="com.api.apitester.CreateAPI"/>
</testsuite> <!-- com.api.apitester.CreateAPI -->
